make --dry-run --always-make --keep-going --print-directory
make: Entering directory '/home/vimercie/Projets/push_swap'
mkdir -p obj
cc -Wall -Wextra -Werror -c src/main.c -o obj/main.o
cc -Wall -Wextra -Werror -c src/parsing.c -o obj/parsing.o
cc -Wall -Wextra -Werror -c src/checking.c -o obj/checking.o
cc -Wall -Wextra -Werror -c src/radix_sort.c -o obj/radix_sort.o
cc -Wall -Wextra -Werror -c src/low_argc.c -o obj/low_argc.o
cc -Wall -Wextra -Werror -c src/sorting.c -o obj/sorting.o
cc -Wall -Wextra -Werror -c src/sorting_utils.c -o obj/sorting_utils.o
cc -Wall -Wextra -Werror -c src/swap.c -o obj/swap.o
cc -Wall -Wextra -Werror -c src/ss.c -o obj/ss.o
cc -Wall -Wextra -Werror -c src/push.c -o obj/push.o
cc -Wall -Wextra -Werror -c src/rotate.c -o obj/rotate.o
cc -Wall -Wextra -Werror -c src/rr.c -o obj/rr.o
cc -Wall -Wextra -Werror -c src/r_rotate.c -o obj/r_rotate.o
cc -Wall -Wextra -Werror -c src/rrr.c -o obj/rrr.o
make -C Libft
cc obj/main.o obj/parsing.o obj/checking.o obj/radix_sort.o obj/low_argc.o obj/sorting.o obj/sorting_utils.o obj/swap.o obj/ss.o obj/push.o obj/rotate.o obj/rr.o obj/r_rotate.o obj/rrr.o Libft/libft.a -o push_swap
make: Leaving directory '/home/vimercie/Projets/push_swap'
 
